--** this is the result for the MultylayerNeuralNetworks.py run **--
Epoch 1/10, Training Loss: 0.6786
Epoch 2/10, Training Loss: 0.6472
Epoch 3/10, Training Loss: 0.6250
Epoch 4/10, Training Loss: 0.6052
Epoch 5/10, Training Loss: 0.5866
Epoch 6/10, Training Loss: 0.5693
Epoch 7/10, Training Loss: 0.5537
Epoch 8/10, Training Loss: 0.5393
Epoch 9/10, Training Loss: 0.5262
Epoch 10/10, Training Loss: 0.5145
Validation Loss: 0.5097, Accuracy: 0.7438
Validation Loss: 0.5097, Accuracy: 0.7550
Model saved to C:\Users\HP\PycharmProjects\MachineLearningFinalProject\models\..\notebooks\simple_nn.pth


-------------------------------------------------------
MultylayerNeuralNetworksAdvanced.py
[Advanced Model] Epoch 1/10, Training Loss: 0.5027
[Advanced Model] Epoch 2/10, Training Loss: 0.3861
[Advanced Model] Epoch 3/10, Training Loss: 0.3128
[Advanced Model] Epoch 4/10, Training Loss: 0.2531
[Advanced Model] Epoch 5/10, Training Loss: 0.2129
[Advanced Model] Epoch 6/10, Training Loss: 0.1713
[Advanced Model] Epoch 7/10, Training Loss: 0.1264
[Advanced Model] Epoch 8/10, Training Loss: 0.1101
[Advanced Model] Epoch 9/10, Training Loss: 0.0906
[Advanced Model] Epoch 10/10, Training Loss: 0.0821
[Advanced Model] Validation Loss: 0.5803, Accuracy: 0.8450
[Advanced Model] Validation Loss: 0.4506, Accuracy: 0.8550
[Advanced Model] Model saved to C:\Users\HP\PycharmProjects\MachineLearningFinalProject\models\..\notebooks\advanced_nn.pth
--------------------------------
RNN
Epoch [1/10], Loss: 0.5928
Epoch [2/10], Loss: 0.4408
Epoch [3/10], Loss: 0.4017
Epoch [4/10], Loss: 0.3604
Epoch [5/10], Loss: 0.3375
Epoch [6/10], Loss: 0.2970
Epoch [7/10], Loss: 0.2742
Epoch [8/10], Loss: 0.2436
Epoch [9/10], Loss: 0.2186
Epoch [10/10], Loss: 0.2070
Validation Loss: 0.3902, Accuracy: 0.8525
--------------------------------------
Cnn with REsNEt
Epoch [1/10], Loss: 0.4583
Epoch [2/10], Loss: 0.2449
Epoch [3/10], Loss: 0.1809
Epoch [4/10], Loss: 0.1353
Epoch [5/10], Loss: 0.0877
Epoch [6/10], Loss: 0.0824
Epoch [7/10], Loss: 0.0650
Epoch [8/10], Loss: 0.0415
Epoch [9/10], Loss: 0.0347
Epoch [10/10], Loss: 0.0201
Validation Loss: 0.4045, Accuracy: 0.9263
--------------------------------------

cnn with batch size 100 optimizer adam
Epoch [1/10], Loss: 0.6400
Epoch [2/10], Loss: 0.3936
Epoch [3/10], Loss: 0.2868
Epoch [4/10], Loss: 0.2343
Epoch [5/10], Loss: 0.1946
Epoch [6/10], Loss: 0.1690
Epoch [7/10], Loss: 0.1564
Epoch [8/10], Loss: 0.1291
Epoch [9/10], Loss: 0.1108
Epoch [10/10], Loss: 0.1251
Validation Loss: 0.2639, Accuracy: 0.9125


--------------------------------------
cnn with batch 256
Epoch [1/10], Loss: 0.4845
Epoch [2/10], Loss: 0.2360
Epoch [3/10], Loss: 0.1903
Epoch [4/10], Loss: 0.1476
Epoch [5/10], Loss: 0.1237
Epoch [6/10], Loss: 0.0861
Epoch [7/10], Loss: 0.0520
Epoch [8/10], Loss: 0.0457
Epoch [9/10], Loss: 0.0342
Epoch [10/10], Loss: 0.0385
Validation Loss: 0.2484, Accuracy: 0.9400

------------------------------
using mobile netV2
Epoch [1/10], Loss: 0.5259
Epoch [2/10], Loss: 0.2931
Epoch [3/10], Loss: 0.2166
Epoch [4/10], Loss: 0.1705
Epoch [5/10], Loss: 0.1269
Epoch [6/10], Loss: 0.0797
Epoch [7/10], Loss: 0.0771
Epoch [8/10], Loss: 0.0757
Epoch [9/10], Loss: 0.0457
Epoch [10/10], Loss: 0.0401
Validation Loss: 0.2154, Accuracy: 0.9325
